<?xml version="1.0" encoding="UTF-8" ?>
<testsuite tests="18" failures="0" name="com.assignment_5.calculator.calculator_larsw.advancedMethodsTest" time="1.271" errors="0" skipped="0">
  <properties>
[...]
</properties>
  <testcase classname="com.assignment_5.calculator.calculator_larsw.advancedMethodsTest" name="testCalculatorSquareRoot" time="0.157"/>
  <testcase classname="com.assignment_5.calculator.calculator_larsw.advancedMethodsTest" name="testCalculatorSquareZero" time="0.004"/>
  <testcase classname="com.assignment_5.calculator.calculator_larsw.advancedMethodsTest" name="testCalculatorNthSquareRootExponentZero" time="0.093"/>
  <testcase classname="com.assignment_5.calculator.calculator_larsw.advancedMethodsTest" name="testCalculatorNthSquareRootExponentNegative" time="0.081"/>
  <testcase classname="com.assignment_5.calculator.calculator_larsw.advancedMethodsTest" name="testCalculatorPowerOfExponentNegative" time="0.066"/>
  <testcase classname="com.assignment_5.calculator.calculator_larsw.advancedMethodsTest" name="testCalculatorSquareNegative" time="0.112"/>
  <testcase classname="com.assignment_5.calculator.calculator_larsw.advancedMethodsTest" name="testCalculatorPowerOf" time="0.078"/>
  <testcase classname="com.assignment_5.calculator.calculator_larsw.advancedMethodsTest" name="testCalculatorTenPowerOfZero" time="0"/>
  <testcase classname="com.assignment_5.calculator.calculator_larsw.advancedMethodsTest" name="testCalculatorPowerOfTwoNegative" time="0.124"/>
  <testcase classname="com.assignment_5.calculator.calculator_larsw.advancedMethodsTest" name="testCalculatorSquare" time="0.079"/>
  <testcase classname="com.assignment_5.calculator.calculator_larsw.advancedMethodsTest" name="testCalculatorBaseZero" time="0.001"/>
  <testcase classname="com.assignment_5.calculator.calculator_larsw.advancedMethodsTest" name="testCalculatorPowerOfOneZero" time="0.05"/>
  <testcase classname="com.assignment_5.calculator.calculator_larsw.advancedMethodsTest" name="testCalculatorTenPowerOfNegative" time="0.057"/>
  <testcase classname="com.assignment_5.calculator.calculator_larsw.advancedMethodsTest" name="testCalculatorPowerOfTwoZero" time="0"/>
  <testcase classname="com.assignment_5.calculator.calculator_larsw.advancedMethodsTest" name="testCalculatorTenPowerOf" time="0.045"/>
  <testcase classname="com.assignment_5.calculator.calculator_larsw.advancedMethodsTest" name="testCalculatorLog" time="0.033"/>
  <testcase classname="com.assignment_5.calculator.calculator_larsw.advancedMethodsTest" name="testCalculatorNthSquareRoot" time="0.05"/>
  <testcase classname="com.assignment_5.calculator.calculator_larsw.advancedMethodsTest" name="testCalculatorPowerOfBaseNegative" time="0.02"/>
</testsuite>